<?xml version="1.0" encoding="UTF-8"?>
<!-- Generated by org.testng.reporters.JUnitXMLReporter -->
<testsuite hostname="L109372" name="Promo Code" tests="1" failures="1" timestamp="13 Mar 2015 13:52:49 GMT" time="32.175" errors="0">
  <testcase name="createPromo" time="32.138" classname="com.qtpselenium.suntestdata.rough.testngPromo">
    <failure type="junit.framework.AssertionFailedError" message="Could not procced from promo page">
      <![CDATA[junit.framework.AssertionFailedError: Could not procced from promo page
	at junit.framework.Assert.fail(Assert.java:57)
	at junit.framework.Assert.assertTrue(Assert.java:22)
	at com.qtpselenium.suntestdata.rough.testngPromo.createPromo(testngPromo.java:50)
... Removed 23 stack frames]]>
    </failure>
  </testcase> <!-- createPromo -->
</testsuite> <!-- Promo Code -->
