<?xml version="1.0" encoding="UTF-8"?>
<!-- Generated by org.testng.reporters.JUnitXMLReporter -->
<testsuite hostname="L109372" name="Find a Friend Test" tests="1" failures="0" timestamp="13 Mar 2015 15:50:40 GMT" time="0.042" errors="0">
  <testcase name="@BeforeTest checkRunMode" time="0.0" classname="com.qtpselenium.testcases.findFriend">
    <skipped/>
  </testcase> <!-- @BeforeTest checkRunMode -->
  <testcase name="findFriend" time="0.0" classname="com.qtpselenium.testcases.findFriend">
    <skipped/>
  </testcase> <!-- findFriend -->
</testsuite> <!-- Find a Friend Test -->
