<?xml version="1.0" encoding="UTF-8"?>
<testng-results skipped="0" failed="0" total="3" passed="3">
  <reporter-output>
  </reporter-output>
  <suite name="Command line suite" duration-ms="23" started-at="2015-03-20T10:59:34Z" finished-at="2015-03-20T10:59:34Z">
    <groups>
    </groups>
    <test name="Command line test" duration-ms="23" started-at="2015-03-20T10:59:34Z" finished-at="2015-03-20T10:59:34Z">
      <class name="com.testing.SampleTest">
        <test-method status="PASS" signature="SampeTest()" name="SampeTest" duration-ms="1" started-at="2015-03-20T10:59:34Z" finished-at="2015-03-20T10:59:34Z">
        </test-method>
      </class>
      <class name="com.testing.SendmailTest">
        <test-method status="PASS" signature="SendTest()" name="SendTest" duration-ms="1" started-at="2015-03-20T10:59:34Z" finished-at="2015-03-20T10:59:34Z">
        </test-method>
      </class>
      <class name="com.testing.AppTest">
        <test-method status="PASS" signature="SampTest()" name="SampTest" duration-ms="10" started-at="2015-03-20T10:59:34Z" finished-at="2015-03-20T10:59:34Z">
        </test-method>
      </class>
    </test>
  </suite>
</testng-results>
