<?xml version="1.0" encoding="UTF-8"?>
<testng-results skipped="0" failed="0" total="3" passed="3">
  <reporter-output>
  </reporter-output>
  <suite name="Command line suite" duration-ms="23" started-at="2015-03-19T11:55:17Z" finished-at="2015-03-19T11:55:17Z">
    <groups>
    </groups>
    <test name="Command line test" duration-ms="23" started-at="2015-03-19T11:55:17Z" finished-at="2015-03-19T11:55:17Z">
      <class name="com.learntestng.SampleTest">
        <test-method status="PASS" signature="sampletest()" name="sampletest" duration-ms="0" started-at="2015-03-19T11:55:17Z" finished-at="2015-03-19T11:55:17Z">
        </test-method>
        <test-method status="PASS" signature="sampletest1()" name="sampletest1" duration-ms="0" started-at="2015-03-19T11:55:17Z" finished-at="2015-03-19T11:55:17Z">
        </test-method>
      </class>
      <class name="com.learntestng.AppTest">
        <test-method status="PASS" signature="sendMail()" name="sendMail" duration-ms="13" started-at="2015-03-19T11:55:17Z" finished-at="2015-03-19T11:55:17Z">
        </test-method>
      </class>
    </test>
  </suite>
</testng-results>
