<?xml version="1.0" encoding="UTF-8"?>
<testng-results skipped="0" failed="0" total="2" passed="2">
  <reporter-output>
  </reporter-output>
  <suite name="My Sample Suite" duration-ms="121" started-at="2015-03-19T11:54:37Z" finished-at="2015-03-19T11:54:37Z">
    <groups>
    </groups>
    <test name="App test" duration-ms="37" started-at="2015-03-19T11:54:37Z" finished-at="2015-03-19T11:54:37Z">
      <class name="com.learntestng.AppTest">
        <test-method status="PASS" signature="sendMail()[pri:0, instance:com.learntestng.AppTest@8b819f]" name="sendMail" duration-ms="27" started-at="2015-03-19T11:54:37Z" finished-at="2015-03-19T11:54:37Z">
          <reporter-output>
          </reporter-output>
        </test-method> <!-- sendMail -->
      </class> <!-- com.learntestng.AppTest -->
    </test> <!-- App test -->
    <test name="my test" duration-ms="2" started-at="2015-03-19T11:54:37Z" finished-at="2015-03-19T11:54:37Z">
      <class name="com.learntestng.mytest">
        <test-method status="PASS" signature="funtest()[pri:0, instance:com.learntestng.mytest@143c8b3]" name="funtest" duration-ms="0" started-at="2015-03-19T11:54:37Z" finished-at="2015-03-19T11:54:37Z">
          <reporter-output>
          </reporter-output>
        </test-method> <!-- funtest -->
      </class> <!-- com.learntestng.mytest -->
    </test> <!-- my test -->
  </suite> <!-- My Sample Suite -->
</testng-results>
