<?xml version="1.0" encoding="UTF-8" ?>
<testsuite failures="0" time="0.114" errors="0" skipped="2" tests="3" name="com.learning.cucumber.login.suiterunnertest">
  <properties>
[...]
</properties>
  <testcase time="0.038" classname="Scenario: User should be able to access my account" name="Given I am a logged in user">
    <skipped/>
  </testcase>
  <testcase time="0.038" classname="Scenario: User should be able to access my account" name="Scenario: User should be able to access my account">
    <skipped/>
  </testcase>
  <testcase time="0.038" classname="Scenario: User should be able to access my account" name="Scenario: User should be able to access my account"/>
</testsuite>