<?xml version="1.0" encoding="UTF-8" ?>
<testsuite failures="0" time="0.004" errors="0" skipped="0" tests="6" name="com.learning.cucumber.login.suiterunnertest">
  <properties>
[...]
</properties>
  <testcase time="0.004" classname="Scenario: User should be able to login to UAT thesun.co.uk" name="Given I open &quot;loginUrl&quot; on &quot;Mozilla&quot;"/>
  <testcase time="0" classname="Scenario: User should be able to login to UAT thesun.co.uk" name="And I enter &quot;loginEmailAddress&quot; as &quot;sunil.yadav+uat@news.co.uk&quot;"/>
  <testcase time="0" classname="Scenario: User should be able to login to UAT thesun.co.uk" name="And I enter &quot;loginPassword&quot; as &quot;Password123&quot;"/>
  <testcase time="0" classname="Scenario: User should be able to login to UAT thesun.co.uk" name="And I click on &quot;loginSignInButton&quot;"/>
  <testcase time="0" classname="Scenario: User should be able to login to UAT thesun.co.uk" name="Then Login should be &quot;Successful&quot;"/>
  <testcase time="0" classname="Scenario: User should be able to login to UAT thesun.co.uk" name="Scenario: User should be able to login to UAT thesun.co.uk"/>
</testsuite>