<?xml version="1.0" encoding="UTF-8"?>
<testng-results skipped="0" failed="0" total="3" passed="3">
  <reporter-output>
  </reporter-output>
  <suite name="My Sample Suite" duration-ms="90" started-at="2015-03-20T10:58:29Z" finished-at="2015-03-20T10:58:29Z">
    <groups>
    </groups>
    <test name="App test" duration-ms="18" started-at="2015-03-20T10:58:29Z" finished-at="2015-03-20T10:58:29Z">
      <class name="com.testing.AppTest">
        <test-method status="PASS" signature="SampTest()[pri:0, instance:com.testing.AppTest@789144]" name="SampTest" duration-ms="8" started-at="2015-03-20T10:58:29Z" finished-at="2015-03-20T10:58:29Z">
          <reporter-output>
          </reporter-output>
        </test-method> <!-- SampTest -->
      </class> <!-- com.testing.AppTest -->
    </test> <!-- App test -->
    <test name="Sample test" duration-ms="2" started-at="2015-03-20T10:58:29Z" finished-at="2015-03-20T10:58:29Z">
      <class name="com.testing.SampleTest">
        <test-method status="PASS" signature="SampeTest()[pri:0, instance:com.testing.SampleTest@76cbf7]" name="SampeTest" duration-ms="0" started-at="2015-03-20T10:58:29Z" finished-at="2015-03-20T10:58:29Z">
          <reporter-output>
          </reporter-output>
        </test-method> <!-- SampeTest -->
      </class> <!-- com.testing.SampleTest -->
    </test> <!-- Sample test -->
    <test name="Send Mail test" duration-ms="1" started-at="2015-03-20T10:58:29Z" finished-at="2015-03-20T10:58:29Z">
      <class name="com.testing.SendmailTest">
        <test-method status="PASS" signature="SendTest()[pri:0, instance:com.testing.SendmailTest@cec0c5]" name="SendTest" duration-ms="1" started-at="2015-03-20T10:58:29Z" finished-at="2015-03-20T10:58:29Z">
          <reporter-output>
          </reporter-output>
        </test-method> <!-- SendTest -->
      </class> <!-- com.testing.SendmailTest -->
    </test> <!-- Send Mail test -->
  </suite> <!-- My Sample Suite -->
</testng-results>
